{"C:\\Users\\Appspot\\Desktop\\github-projects\\react-enterprise-app-01\\src\\App.css": {"path":"C:\\Users\\Appspot\\Desktop\\github-projects\\react-enterprise-app-01\\src\\App.css","statementMap":{},"fnMap":{},"branchMap":{},"s":{},"f":{},"b":{},"meta":{"lastBranch":0,"lastFunction":0,"lastStatement":0,"seen":{},"fnNames":{}}}
,"C:\\Users\\Appspot\\Desktop\\github-projects\\react-enterprise-app-01\\src\\App.tsx": {"path":"C:\\Users\\Appspot\\Desktop\\github-projects\\react-enterprise-app-01\\src\\App.tsx","statementMap":{"0":{"start":{"line":7,"column":0},"end":{"line":7,"column":null}},"1":{"start":{"line":8,"column":28},"end":{"line":8,"column":39}},"2":{"start":{"line":8,"column":39},"end":{"line":19,"column":null}},"3":{"start":{"line":13,"column":8},"end":{"line":17,"column":null}},"4":{"start":{"line":19,"column":10},"end":{"line":19,"column":null}},"5":{"start":{"line":19,"column":30},"end":{"line":19,"column":null}},"6":{"start":{"line":19,"column":30},"end":{"line":21,"column":59}},"7":{"start":{"line":21,"column":17},"end":{"line":21,"column":59}},"8":{"start":{"line":21,"column":41},"end":{"line":21,"column":59}},"9":{"start":{"line":21,"column":41},"end":{"line":23,"column":null}},"10":{"start":{"line":18,"column":8},"end":{"line":23,"column":null}},"11":{"start":{"line":23,"column":14},"end":{"line":23,"column":null}},"12":{"start":{"line":23,"column":14},"end":{"line":27,"column":null}},"13":{"start":{"line":27,"column":19},"end":{"line":27,"column":55}},"14":{"start":{"line":27,"column":25},"end":{"line":27,"column":55}},"15":{"start":{"line":27,"column":55},"end":{"line":27,"column":null}},"16":{"start":{"line":27,"column":55},"end":{"line":31,"column":null}},"17":{"start":{"line":12,"column":6},"end":{"line":31,"column":null}},"18":{"start":{"line":31,"column":16},"end":{"line":31,"column":null}},"19":{"start":{"line":31,"column":16},"end":{"line":33,"column":null}},"20":{"start":{"line":33,"column":6},"end":{"line":33,"column":35}},"21":{"start":{"line":33,"column":35},"end":{"line":33,"column":null}},"22":{"start":{"line":33,"column":35},"end":{"line":41,"column":null}},"23":{"start":{"line":37,"column":10},"end":{"line":39,"column":null}},"24":{"start":{"line":40,"column":10},"end":{"line":40,"column":null}},"25":{"start":{"line":41,"column":10},"end":{"line":41,"column":null}},"26":{"start":{"line":41,"column":41},"end":{"line":41,"column":null}},"27":{"start":{"line":41,"column":41},"end":{"line":48,"column":null}},"28":{"start":{"line":43,"column":12},"end":{"line":48,"column":null}},"29":{"start":{"line":48,"column":17},"end":{"line":48,"column":null}},"30":{"start":{"line":48,"column":17},"end":{"line":56,"column":null}},"31":{"start":{"line":36,"column":8},"end":{"line":56,"column":null}},"32":{"start":{"line":56,"column":14},"end":{"line":56,"column":null}},"33":{"start":{"line":56,"column":14},"end":{"line":62,"column":null}},"34":{"start":{"line":58,"column":10},"end":{"line":60,"column":null}},"35":{"start":{"line":61,"column":10},"end":{"line":61,"column":null}},"36":{"start":{"line":62,"column":10},"end":{"line":62,"column":null}},"37":{"start":{"line":62,"column":40},"end":{"line":62,"column":null}},"38":{"start":{"line":62,"column":40},"end":{"line":75,"column":null}},"39":{"start":{"line":64,"column":12},"end":{"line":75,"column":null}},"40":{"start":{"line":75,"column":17},"end":{"line":75,"column":null}},"41":{"start":{"line":75,"column":17},"end":{"line":87,"column":null}},"42":{"start":{"line":76,"column":12},"end":{"line":87,"column":null}},"43":{"start":{"line":87,"column":17},"end":{"line":87,"column":null}},"44":{"start":{"line":87,"column":17},"end":{"line":99,"column":null}},"45":{"start":{"line":88,"column":12},"end":{"line":99,"column":null}},"46":{"start":{"line":99,"column":17},"end":{"line":99,"column":null}},"47":{"start":{"line":99,"column":17},"end":{"line":117,"column":null}},"48":{"start":{"line":35,"column":6},"end":{"line":114,"column":null}},"49":{"start":{"line":116,"column":6},"end":{"line":116,"column":null}},"50":{"start":{"line":117,"column":6},"end":{"line":117,"column":37}},"51":{"start":{"line":117,"column":37},"end":{"line":117,"column":null}},"52":{"start":{"line":117,"column":37},"end":{"line":118,"column":null}},"53":{"start":{"line":11,"column":4},"end":{"line":117,"column":null}},"54":{"start":{"line":118,"column":7},"end":{"line":118,"column":null}},"55":{"start":{"line":118,"column":7},"end":{"line":11,"column":null}},"56":{"start":{"line":7,"column":0},"end":{"line":27,"column":54}}},"fnMap":{"0":{"name":"App","decl":{"start":{"line":7,"column":0},"end":{"line":7,"column":null}},"loc":{"start":{"line":7,"column":0},"end":{"line":118,"column":null}},"line":7},"1":{"name":"(anonymous_1)","decl":{"start":{"line":27,"column":19},"end":{"line":27,"column":25}},"loc":{"start":{"line":27,"column":25},"end":{"line":27,"column":55}},"line":27}},"branchMap":{"0":{"loc":{"start":{"line":8,"column":39},"end":{"line":19,"column":null}},"type":"if","locations":[{"start":{"line":8,"column":39},"end":{"line":19,"column":null}},{"start":{"line":19,"column":30},"end":{"line":19,"column":null}}],"line":8},"1":{"loc":{"start":{"line":19,"column":30},"end":{"line":21,"column":59}},"type":"if","locations":[{"start":{"line":19,"column":30},"end":{"line":21,"column":59}},{"start":{"line":21,"column":41},"end":{"line":21,"column":59}}],"line":19},"2":{"loc":{"start":{"line":21,"column":41},"end":{"line":23,"column":null}},"type":"if","locations":[{"start":{"line":21,"column":41},"end":{"line":23,"column":null}},{"start":{"line":23,"column":14},"end":{"line":23,"column":null}}],"line":21},"3":{"loc":{"start":{"line":23,"column":14},"end":{"line":27,"column":null}},"type":"if","locations":[{"start":{"line":23,"column":14},"end":{"line":27,"column":null}},{"start":{"line":27,"column":55},"end":{"line":27,"column":null}}],"line":23},"4":{"loc":{"start":{"line":27,"column":55},"end":{"line":31,"column":null}},"type":"if","locations":[{"start":{"line":27,"column":55},"end":{"line":31,"column":null}},{"start":{"line":31,"column":16},"end":{"line":31,"column":null}}],"line":27},"5":{"loc":{"start":{"line":31,"column":16},"end":{"line":33,"column":null}},"type":"if","locations":[{"start":{"line":31,"column":16},"end":{"line":33,"column":null}},{"start":{"line":33,"column":35},"end":{"line":33,"column":null}}],"line":31},"6":{"loc":{"start":{"line":33,"column":35},"end":{"line":41,"column":null}},"type":"if","locations":[{"start":{"line":33,"column":35},"end":{"line":41,"column":null}},{"start":{"line":41,"column":41},"end":{"line":41,"column":null}}],"line":33},"7":{"loc":{"start":{"line":41,"column":41},"end":{"line":48,"column":null}},"type":"if","locations":[{"start":{"line":41,"column":41},"end":{"line":48,"column":null}},{"start":{"line":48,"column":17},"end":{"line":48,"column":null}}],"line":41},"8":{"loc":{"start":{"line":48,"column":17},"end":{"line":56,"column":null}},"type":"if","locations":[{"start":{"line":48,"column":17},"end":{"line":56,"column":null}},{"start":{"line":56,"column":14},"end":{"line":56,"column":null}}],"line":48},"9":{"loc":{"start":{"line":56,"column":14},"end":{"line":62,"column":null}},"type":"if","locations":[{"start":{"line":56,"column":14},"end":{"line":62,"column":null}},{"start":{"line":62,"column":40},"end":{"line":62,"column":null}}],"line":56},"10":{"loc":{"start":{"line":62,"column":40},"end":{"line":75,"column":null}},"type":"if","locations":[{"start":{"line":62,"column":40},"end":{"line":75,"column":null}},{"start":{"line":75,"column":17},"end":{"line":75,"column":null}}],"line":62},"11":{"loc":{"start":{"line":75,"column":17},"end":{"line":87,"column":null}},"type":"if","locations":[{"start":{"line":75,"column":17},"end":{"line":87,"column":null}},{"start":{"line":87,"column":17},"end":{"line":87,"column":null}}],"line":75},"12":{"loc":{"start":{"line":87,"column":17},"end":{"line":99,"column":null}},"type":"if","locations":[{"start":{"line":87,"column":17},"end":{"line":99,"column":null}},{"start":{"line":99,"column":17},"end":{"line":99,"column":null}}],"line":87},"13":{"loc":{"start":{"line":99,"column":17},"end":{"line":117,"column":null}},"type":"if","locations":[{"start":{"line":99,"column":17},"end":{"line":117,"column":null}},{"start":{"line":117,"column":37},"end":{"line":117,"column":null}}],"line":99},"14":{"loc":{"start":{"line":117,"column":37},"end":{"line":118,"column":null}},"type":"if","locations":[{"start":{"line":117,"column":37},"end":{"line":118,"column":null}},{"start":{"line":118,"column":7},"end":{"line":118,"column":null}}],"line":117}},"s":{"0":1,"1":1,"2":1,"3":1,"4":1,"5":0,"6":1,"7":1,"8":0,"9":1,"10":1,"11":0,"12":1,"13":1,"14":0,"15":0,"16":1,"17":1,"18":0,"19":1,"20":1,"21":0,"22":1,"23":1,"24":1,"25":1,"26":0,"27":1,"28":1,"29":0,"30":1,"31":1,"32":0,"33":1,"34":1,"35":1,"36":1,"37":0,"38":1,"39":1,"40":0,"41":1,"42":1,"43":0,"44":1,"45":1,"46":0,"47":1,"48":1,"49":1,"50":1,"51":0,"52":1,"53":1,"54":0,"55":1,"56":0},"f":{"0":1,"1":0},"b":{"0":[1,0],"1":[1,0],"2":[1,0],"3":[1,0],"4":[1,0],"5":[1,0],"6":[1,0],"7":[1,0],"8":[1,0],"9":[1,0],"10":[1,0],"11":[1,0],"12":[1,0],"13":[1,0],"14":[1,0]},"meta":{"lastBranch":15,"lastFunction":2,"lastStatement":57,"seen":{"f:7:0:7:Infinity":0,"s:7:0:7:Infinity":0,"s:8:28:8:39":1,"b:8:39:19:Infinity:19:30:19:Infinity":0,"s:8:39:19:Infinity":2,"s:13:8:17:Infinity":3,"s:19:10:19:Infinity":4,"s:19:30:19:Infinity":5,"b:19:30:21:59:21:41:21:59":1,"s:19:30:21:59":6,"s:21:17:21:59":7,"s:21:41:21:59":8,"b:21:41:23:Infinity:23:14:23:Infinity":2,"s:21:41:23:Infinity":9,"s:18:8:23:Infinity":10,"s:23:14:23:Infinity":11,"b:23:14:27:Infinity:27:55:27:Infinity":3,"s:23:14:27:Infinity":12,"s:27:19:27:55":13,"f:27:19:27:25":1,"s:27:25:27:55":14,"s:27:55:27:Infinity":15,"b:27:55:31:Infinity:31:16:31:Infinity":4,"s:27:55:31:Infinity":16,"s:12:6:31:Infinity":17,"s:31:16:31:Infinity":18,"b:31:16:33:Infinity:33:35:33:Infinity":5,"s:31:16:33:Infinity":19,"s:33:6:33:35":20,"s:33:35:33:Infinity":21,"b:33:35:41:Infinity:41:41:41:Infinity":6,"s:33:35:41:Infinity":22,"s:37:10:39:Infinity":23,"s:40:10:40:Infinity":24,"s:41:10:41:Infinity":25,"s:41:41:41:Infinity":26,"b:41:41:48:Infinity:48:17:48:Infinity":7,"s:41:41:48:Infinity":27,"s:43:12:48:Infinity":28,"s:48:17:48:Infinity":29,"b:48:17:56:Infinity:56:14:56:Infinity":8,"s:48:17:56:Infinity":30,"s:36:8:56:Infinity":31,"s:56:14:56:Infinity":32,"b:56:14:62:Infinity:62:40:62:Infinity":9,"s:56:14:62:Infinity":33,"s:58:10:60:Infinity":34,"s:61:10:61:Infinity":35,"s:62:10:62:Infinity":36,"s:62:40:62:Infinity":37,"b:62:40:75:Infinity:75:17:75:Infinity":10,"s:62:40:75:Infinity":38,"s:64:12:75:Infinity":39,"s:75:17:75:Infinity":40,"b:75:17:87:Infinity:87:17:87:Infinity":11,"s:75:17:87:Infinity":41,"s:76:12:87:Infinity":42,"s:87:17:87:Infinity":43,"b:87:17:99:Infinity:99:17:99:Infinity":12,"s:87:17:99:Infinity":44,"s:88:12:99:Infinity":45,"s:99:17:99:Infinity":46,"b:99:17:117:Infinity:117:37:117:Infinity":13,"s:99:17:117:Infinity":47,"s:35:6:114:Infinity":48,"s:116:6:116:Infinity":49,"s:117:6:117:37":50,"s:117:37:117:Infinity":51,"b:117:37:118:Infinity:118:7:118:Infinity":14,"s:117:37:118:Infinity":52,"s:11:4:117:Infinity":53,"s:118:7:118:Infinity":54,"s:118:7:11:Infinity":55,"s:7:0:27:54":56},"fnNames":{}}}
,"C:\\Users\\Appspot\\Desktop\\github-projects\\react-enterprise-app-01\\src\\assets\\hero.png": {"path":"C:\\Users\\Appspot\\Desktop\\github-projects\\react-enterprise-app-01\\src\\assets\\hero.png","statementMap":{},"fnMap":{},"branchMap":{},"s":{},"f":{},"b":{},"meta":{"lastBranch":0,"lastFunction":0,"lastStatement":0,"seen":{},"fnNames":{}}}
,"C:\\Users\\Appspot\\Desktop\\github-projects\\react-enterprise-app-01\\src\\assets\\react.svg": {"path":"C:\\Users\\Appspot\\Desktop\\github-projects\\react-enterprise-app-01\\src\\assets\\react.svg","statementMap":{},"fnMap":{},"branchMap":{},"s":{},"f":{},"b":{},"meta":{"lastBranch":0,"lastFunction":0,"lastStatement":0,"seen":{},"fnNames":{}}}
,"C:\\Users\\Appspot\\Desktop\\github-projects\\react-enterprise-app-01\\src\\assets\\vite.svg": {"path":"C:\\Users\\Appspot\\Desktop\\github-projects\\react-enterprise-app-01\\src\\assets\\vite.svg","statementMap":{},"fnMap":{},"branchMap":{},"s":{},"f":{},"b":{},"meta":{"lastBranch":0,"lastFunction":0,"lastStatement":0,"seen":{},"fnNames":{}}}
}
