TN:
SF:src\App.css
FNF:0
FNH:0
LF:0
LH:0
BRF:0
BRH:0
end_of_record
TN:
SF:src\App.tsx
FN:7,App
FN:27,(anonymous_1)
FNF:2
FNH:1
FNDA:1,App
FNDA:0,(anonymous_1)
DA:7,1
DA:8,1
DA:11,1
DA:12,1
DA:13,1
DA:18,1
DA:19,1
DA:21,1
DA:23,1
DA:27,1
DA:31,1
DA:33,1
DA:35,1
DA:36,1
DA:37,1
DA:40,1
DA:41,1
DA:43,1
DA:48,1
DA:56,1
DA:58,1
DA:61,1
DA:62,1
DA:64,1
DA:75,1
DA:76,1
DA:87,1
DA:88,1
DA:99,1
DA:116,1
DA:117,1
DA:118,1
LF:32
LH:32
BRDA:8,0,0,1
BRDA:8,0,1,0
BRDA:19,1,0,1
BRDA:19,1,1,0
BRDA:21,2,0,1
BRDA:21,2,1,0
BRDA:23,3,0,1
BRDA:23,3,1,0
BRDA:27,4,0,1
BRDA:27,4,1,0
BRDA:31,5,0,1
BRDA:31,5,1,0
BRDA:33,6,0,1
BRDA:33,6,1,0
BRDA:41,7,0,1
BRDA:41,7,1,0
BRDA:48,8,0,1
BRDA:48,8,1,0
BRDA:56,9,0,1
BRDA:56,9,1,0
BRDA:62,10,0,1
BRDA:62,10,1,0
BRDA:75,11,0,1
BRDA:75,11,1,0
BRDA:87,12,0,1
BRDA:87,12,1,0
BRDA:99,13,0,1
BRDA:99,13,1,0
BRDA:117,14,0,1
BRDA:117,14,1,0
BRF:30
BRH:15
end_of_record
TN:
SF:src\assets\hero.png
FNF:0
FNH:0
LF:0
LH:0
BRF:0
BRH:0
end_of_record
TN:
SF:src\assets\react.svg
FNF:0
FNH:0
LF:0
LH:0
BRF:0
BRH:0
end_of_record
TN:
SF:src\assets\vite.svg
FNF:0
FNH:0
LF:0
LH:0
BRF:0
BRH:0
end_of_record
